<?xml version="1.0" encoding="UTF-8"?>
<!-- Generated by org.testng.reporters.JUnitXMLReporter -->
<testsuite ignored="0" hostname="LTIN206289" failures="0" tests="4" name="Default test" time="225.598" errors="0" timestamp="2024-03-02T11:13:04 IST">
  <testcase classname="testclass.CAS_TEST" name="userdetails" time="90.287"/>
  <testcase classname="testclass.CAS_TEST" name="user_profile" time="5.532"/>
  <testcase classname="testclass.CAS_TEST" name="excel" time="91.79"/>
  <testcase classname="testclass.CAS_TEST" name="screenshot" time="10.529"/>
</testsuite> <!-- Default test -->
