<?xml version="1.0" encoding="UTF-8"?>
<!-- Generated by org.testng.reporters.JUnitXMLReporter -->
<testsuite ignored="0" hostname="LTIN206289" failures="0" tests="4" name="chrome Test" time="0.034" errors="0" timestamp="2024-02-12T11:42:16 IST">
  <testcase classname="testclass.CAS_TEST" name="userdetails" time="0.0">
    <skipped/>
  </testcase> <!-- userdetails -->
  <testcase classname="testclass.CAS_TEST" name="xyz" time="0.0">
    <skipped/>
  </testcase> <!-- xyz -->
  <testcase classname="testclass.CAS_TEST" name="excel" time="0.001">
    <skipped/>
  </testcase> <!-- excel -->
  <testcase classname="testclass.CAS_TEST" name="screenshot" time="0.0">
    <skipped/>
  </testcase> <!-- screenshot -->
</testsuite> <!-- chrome Test -->
