<?xml version="1.0" encoding="UTF-8"?>
<!-- Generated by org.testng.reporters.JUnitXMLReporter -->
<testsuite ignored="0" hostname="LTIN206289" failures="0" tests="4" name="edge Test" time="0.228" errors="0" timestamp="2024-02-12T11:42:15 IST">
  <testcase classname="testclass.CAS_TEST" name="@BeforeClass setup" time="0.041">
    <failure type="java.lang.NullPointerException" message="Cannot invoke &amp;quot;org.openqa.selenium.WebDriver.get(String)&amp;quot; because &amp;quot;Utilities.DriverSetup.driver&amp;quot; is null">
      <![CDATA[java.lang.NullPointerException: Cannot invoke "org.openqa.selenium.WebDriver.get(String)" because "Utilities.DriverSetup.driver" is null
at Utilities.DriverSetup.getWebDriver(DriverSetup.java:39)
at testclass.CAS_TEST.setup(CAS_TEST.java:21)
at java.base/java.util.ArrayList.forEach(ArrayList.java:1511)
... Removed 25 stack frames]]>
    </failure>
  </testcase> <!-- @BeforeClass setup -->
  <testcase classname="testclass.CAS_TEST" name="userdetails" time="0.001">
    <skipped/>
  </testcase> <!-- userdetails -->
  <testcase classname="testclass.CAS_TEST" name="xyz" time="0.001">
    <skipped/>
  </testcase> <!-- xyz -->
  <testcase classname="testclass.CAS_TEST" name="excel" time="0.001">
    <skipped/>
  </testcase> <!-- excel -->
  <testcase classname="testclass.CAS_TEST" name="screenshot" time="0.001">
    <skipped/>
  </testcase> <!-- screenshot -->
</testsuite> <!-- edge Test -->
