<?xml version="1.0" encoding="UTF-8"?>
<!-- Generated by org.testng.reporters.JUnitXMLReporter -->
<testsuite ignored="0" hostname="LTIN206289" failures="0" tests="4" name="Test2" time="181.94" errors="0" timestamp="2024-02-13T18:09:30 IST">
  <testcase classname="testclass.CAS_TEST" name="userdetails" time="41.428"/>
  <testcase classname="testclass.CAS_TEST" name="user_profile" time="5.377"/>
  <testcase classname="testclass.CAS_TEST" name="excel" time="90.865"/>
  <testcase classname="testclass.CAS_TEST" name="screenshot" time="13.22"/>
</testsuite> <!-- Test2 -->
