<?xml version="1.0" encoding="UTF-8"?>
<!-- Generated by org.testng.reporters.JUnitXMLReporter -->
<testsuite ignored="0" hostname="LTIN206289" failures="0" tests="4" name="Test" time="200.88" errors="0" timestamp="2024-02-13T10:54:36 IST">
  <testcase classname="testclass.CAS_TEST" name="userdetails" time="90.256"/>
  <testcase classname="testclass.CAS_TEST" name="user_profile" time="2.699"/>
  <testcase classname="testclass.CAS_TEST" name="excel" time="73.857"/>
  <testcase classname="testclass.CAS_TEST" name="screenshot" time="10.034"/>
</testsuite> <!-- Test -->
