<?xml version="1.0" encoding="UTF-8"?>
<!-- Generated by org.testng.reporters.JUnitXMLReporter -->
<testsuite ignored="0" hostname="LTIN206289" failures="0" tests="4" name="Test1" time="409.152" errors="0" timestamp="2024-02-13T18:06:27 IST">
  <testcase classname="testclass.CAS_TEST" name="userdetails" time="46.983"/>
  <testcase classname="testclass.CAS_TEST" name="user_profile" time="25.196"/>
  <testcase classname="testclass.CAS_TEST" name="excel" time="268.374"/>
  <testcase classname="testclass.CAS_TEST" name="screenshot" time="14.691"/>
</testsuite> <!-- Test1 -->
